<?xml version="1.0" encoding="UTF-8"?>
<testng-results skipped="0" failed="0" ignored="0" total="1" passed="1">
  <reporter-output>
  </reporter-output>
  <suite name="DriverFactory.AppTest" duration-ms="63467" started-at="2019-07-19T07:37:29Z" finished-at="2019-07-19T07:38:32Z">
    <groups>
    </groups>
    <test name="Command line test" duration-ms="63467" started-at="2019-07-19T07:37:29Z" finished-at="2019-07-19T07:38:32Z">
      <class name="DriverFactory.AppTest">
        <test-method status="PASS" signature="now()[pri:0, instance:DriverFactory.AppTest@5afa04c]" name="now" duration-ms="63099" started-at="2019-07-19T07:37:29Z" finished-at="2019-07-19T07:38:32Z">
          <reporter-output>
          </reporter-output>
        </test-method> <!-- now -->
      </class> <!-- DriverFactory.AppTest -->
    </test> <!-- Command line test -->
  </suite> <!-- DriverFactory.AppTest -->
</testng-results>
